[ 2016-11-24T10:31:55+08:00 ] 127.0.0.1 /admin.php
INFO: [ app_init ] --START--
INFO: Run Behavior\BuildLiteBehavior [ RunTime:0.000000s ]
INFO: Run Common\Behavior\InitHookBehavior [ RunTime:0.005000s ]
INFO: [ app_init ] --END-- [ RunTime:0.006000s ]
INFO: [ app_begin ] --START--
INFO: Run Behavior\ReadHtmlCacheBehavior [ RunTime:0.002000s ]
INFO: [ app_begin ] --END-- [ RunTime:0.002000s ]

[ 2016-11-24T10:31:55+08:00 ] 127.0.0.1 /admin.php?s=/Public/login.html
INFO: [ app_init ] --START--
INFO: Run Behavior\BuildLiteBehavior [ RunTime:0.000000s ]
INFO: Run Common\Behavior\InitHookBehavior [ RunTime:0.001000s ]
INFO: [ app_init ] --END-- [ RunTime:0.001000s ]
INFO: [ app_begin ] --START--
INFO: Run Behavior\ReadHtmlCacheBehavior [ RunTime:0.000000s ]
INFO: [ app_begin ] --END-- [ RunTime:0.000000s ]
INFO: [ view_parse ] --START--
INFO: [ template_filter ] --START--
INFO: Run Behavior\ContentReplaceBehavior [ RunTime:0.000000s ]
INFO: [ template_filter ] --END-- [ RunTime:0.000000s ]
INFO: Run Behavior\ParseTemplateBehavior [ RunTime:0.018001s ]
INFO: [ view_parse ] --END-- [ RunTime:0.018001s ]
INFO: [ view_filter ] --START--
INFO: Run Behavior\WriteHtmlCacheBehavior [ RunTime:0.001000s ]
INFO: [ view_filter ] --END-- [ RunTime:0.001000s ]
INFO: [ app_end ] --START--
INFO: Run Behavior\ShowPageTraceBehavior [ RunTime:0.001000s ]
INFO: [ app_end ] --END-- [ RunTime:0.001000s ]

[ 2016-11-24T10:31:55+08:00 ] 127.0.0.1 /admin.php?s=/Public/verify.html
INFO: [ app_init ] --START--
INFO: Run Behavior\BuildLiteBehavior [ RunTime:0.000000s ]
INFO: Run Common\Behavior\InitHookBehavior [ RunTime:0.001000s ]
INFO: [ app_init ] --END-- [ RunTime:0.001000s ]
INFO: [ app_begin ] --START--
INFO: Run Behavior\ReadHtmlCacheBehavior [ RunTime:0.000000s ]
INFO: [ app_begin ] --END-- [ RunTime:0.000000s ]
INFO: [ app_end ] --START--
INFO: Run Behavior\ShowPageTraceBehavior [ RunTime:0.001000s ]
INFO: [ app_end ] --END-- [ RunTime:0.001000s ]

[ 2016-11-24T10:32:01+08:00 ] 127.0.0.1 /admin.php?s=/Public/login.html
INFO: [ app_init ] --START--
INFO: Run Behavior\BuildLiteBehavior [ RunTime:0.000000s ]
INFO: Run Common\Behavior\InitHookBehavior [ RunTime:0.001000s ]
INFO: [ app_init ] --END-- [ RunTime:0.001000s ]
INFO: [ app_begin ] --START--
INFO: Run Behavior\ReadHtmlCacheBehavior [ RunTime:0.001000s ]
INFO: [ app_begin ] --END-- [ RunTime:0.001000s ]
NOTIC: [8] Undefined index: lite E:\phpStudy\WWW\ysd\ThinkPHP\Library\Think\Db.class.php 第 37 行.
SQL: SHOW COLUMNS FROM `dk_member` [ RunTime:0.0060s ]
SQL: SELECT `uid`,`nickname`,`sex`,`birthday`,`qq`,`score`,`login`,`reg_ip`,`reg_time`,`last_login_ip`,`last_login_time`,`status` FROM `dk_member` WHERE `uid` = 1 LIMIT 1   [ RunTime:0.0000s ]
SQL: SHOW COLUMNS FROM `dk_action` [ RunTime:0.0040s ]
SQL: SELECT * FROM `dk_action` WHERE `name` = 'user_login' LIMIT 1   [ RunTime:0.0000s ]
SQL: SHOW COLUMNS FROM `dk_action_log` [ RunTime:0.0080s ]
SQL: INSERT INTO `dk_action_log` (`action_id`,`user_id`,`action_ip`,`model`,`record_id`,`create_time`,`remark`) VALUES ('1','1','2130706433','member','1','1479954719','admin在2016-11-24 10:31登录了后台') [ RunTime:0.0030s ]
SQL: SELECT * FROM `dk_action` WHERE `name` = 'user_login' LIMIT 1   [ RunTime:0.0000s ]
NOTIC: [8] Undefined offset: 1 E:\phpStudy\WWW\ysd\Application\Common\Common\function.php 第 687 行.
NOTIC: [2] array_key_exists() expects parameter 2 to be array, null given E:\phpStudy\WWW\ysd\Application\Common\Common\function.php 第 687 行.
SQL: SELECT COUNT(*) AS tp_count FROM `dk_action_log` WHERE `action_id` = 1 AND `user_id` = 1 AND `create_time` > 1479868319 LIMIT 1   [ RunTime:0.0080s ]
SQL: UPDATE `dk_member` SET `login`=`login`+1,`last_login_time`='1479954719',`last_login_ip`='2130706433' WHERE `uid` = 1 [ RunTime:0.0010s ]

[ 2016-11-24T10:32:03+08:00 ] 127.0.0.1 /admin.php?s=/Index/index.html
INFO: [ app_init ] --START--
INFO: Run Behavior\BuildLiteBehavior [ RunTime:0.000000s ]
INFO: Run Common\Behavior\InitHookBehavior [ RunTime:0.001000s ]
INFO: [ app_init ] --END-- [ RunTime:0.001000s ]
INFO: [ app_begin ] --START--
INFO: Run Behavior\ReadHtmlCacheBehavior [ RunTime:0.000000s ]
INFO: [ app_begin ] --END-- [ RunTime:0.000000s ]
SQL: SHOW COLUMNS FROM `dk_menu` [ RunTime:0.0060s ]
SQL: SELECT `id`,`title`,`url` FROM `dk_menu` WHERE `pid` = 0 AND `hide` = 0 ORDER BY sort asc  [ RunTime:0.0010s ]
SQL: SELECT `pid` FROM `dk_menu` WHERE ( pid !=0 AND url like '%Index/index%' ) LIMIT 1   [ RunTime:0.0000s ]

[ 2016-11-24T10:32:04+08:00 ] 127.0.0.1 /admin.php?s=/Teachers/index.html
INFO: [ app_init ] --START--
INFO: Run Behavior\BuildLiteBehavior [ RunTime:0.000000s ]
INFO: Run Common\Behavior\InitHookBehavior [ RunTime:0.001000s ]
INFO: [ app_init ] --END-- [ RunTime:0.001000s ]
INFO: [ app_begin ] --START--
INFO: Run Behavior\ReadHtmlCacheBehavior [ RunTime:0.000000s ]
INFO: [ app_begin ] --END-- [ RunTime:0.000000s ]
SQL: SHOW COLUMNS FROM `dk_menu` [ RunTime:0.0020s ]
SQL: SELECT `id`,`title`,`url` FROM `dk_menu` WHERE `pid` = 0 AND `hide` = 0 ORDER BY sort asc  [ RunTime:0.0010s ]
SQL: SELECT `pid` FROM `dk_menu` WHERE ( pid !=0 AND url like '%Teachers/index%' ) LIMIT 1   [ RunTime:0.0000s ]
SQL: SELECT * FROM `dk_menu` WHERE `id` = 124 LIMIT 1   [ RunTime:0.0000s ]
SQL: SELECT DISTINCT  `group` FROM `dk_menu` WHERE `group` <> '' AND `pid` = 124  [ RunTime:0.0010s ]
SQL: SELECT `id`,`url` FROM `dk_menu` WHERE `pid` = 124 AND `hide` = 0  [ RunTime:0.0000s ]
SQL: SELECT `id`,`pid`,`title`,`url`,`tip` FROM `dk_menu` WHERE `group` = '用户管理' AND `pid` = 124 AND `hide` = 0 ORDER BY sort asc  [ RunTime:0.0010s ]
SQL: SELECT `id`,`pid`,`title`,`url`,`tip` FROM `dk_menu` WHERE `group` = '教室' AND `pid` = 124 AND `hide` = 0 ORDER BY sort asc  [ RunTime:0.0000s ]
SQL: SELECT `id`,`pid`,`title`,`url`,`tip` FROM `dk_menu` WHERE `group` = '课程' AND `pid` = 124 AND `hide` = 0 ORDER BY sort asc  [ RunTime:0.0000s ]
SQL: SELECT `id`,`pid`,`title`,`url`,`tip` FROM `dk_menu` WHERE `group` = '班级' AND `pid` = 124 AND `hide` = 0 ORDER BY sort asc  [ RunTime:0.0000s ]
SQL: SELECT `id`,`pid`,`title`,`url`,`tip` FROM `dk_menu` WHERE `group` = '考勤' AND `pid` = 124 AND `hide` = 0 ORDER BY sort asc  [ RunTime:0.0000s ]
SQL: SELECT `id`,`pid`,`title`,`url`,`tip` FROM `dk_menu` WHERE `group` = ' 通知' AND `pid` = 124 AND `hide` = 0 ORDER BY sort asc  [ RunTime:0.0000s ]
SQL: SHOW COLUMNS FROM `dk_teachers` [ RunTime:0.0030s ]
SQL: SELECT COUNT(*) AS tp_count FROM `dk_teachers` WHERE `teacher_name` LIKE '%%' LIMIT 1   [ RunTime:0.0000s ]
SQL: SELECT `id`,`teacher_name`,`teacher_phone`,`create_time`,`update_time`,`sort` FROM `dk_teachers` WHERE `teacher_name` LIKE '%%' ORDER BY sort asc LIMIT 0,10   [ RunTime:0.0010s ]
INFO: [ view_parse ] --START--
INFO: [ template_filter ] --START--
INFO: Run Behavior\ContentReplaceBehavior [ RunTime:0.000000s ]
INFO: [ template_filter ] --END-- [ RunTime:0.000000s ]
NOTIC: [8] Undefined variable: meta_title E:\phpStudy\WWW\ysd\Runtime\Cache\Admin\967288625ce25696f1f9d9f1e107a38f.php 第 5 行.
INFO: Run Behavior\ParseTemplateBehavior [ RunTime:0.014001s ]
INFO: [ view_parse ] --END-- [ RunTime:0.014001s ]
INFO: [ view_filter ] --START--
INFO: Run Behavior\WriteHtmlCacheBehavior [ RunTime:0.000000s ]
INFO: [ view_filter ] --END-- [ RunTime:0.000000s ]
INFO: [ app_end ] --START--
INFO: Run Behavior\ShowPageTraceBehavior [ RunTime:0.001000s ]
INFO: [ app_end ] --END-- [ RunTime:0.001000s ]

[ 2016-11-24T10:32:08+08:00 ] 127.0.0.1 /admin.php?s=/Notice/index.html
INFO: [ app_init ] --START--
INFO: Run Behavior\BuildLiteBehavior [ RunTime:0.000000s ]
INFO: Run Common\Behavior\InitHookBehavior [ RunTime:0.001000s ]
INFO: [ app_init ] --END-- [ RunTime:0.001000s ]
INFO: [ app_begin ] --START--
INFO: Run Behavior\ReadHtmlCacheBehavior [ RunTime:0.000000s ]
INFO: [ app_begin ] --END-- [ RunTime:0.000000s ]
SQL: SHOW COLUMNS FROM `dk_menu` [ RunTime:0.0020s ]
SQL: SELECT `id`,`title`,`url` FROM `dk_menu` WHERE `pid` = 0 AND `hide` = 0 ORDER BY sort asc  [ RunTime:0.0010s ]
SQL: SELECT `pid` FROM `dk_menu` WHERE ( pid !=0 AND url like '%Notice/index%' ) LIMIT 1   [ RunTime:0.0000s ]
SQL: SELECT * FROM `dk_menu` WHERE `id` = 124 LIMIT 1   [ RunTime:0.0000s ]
SQL: SELECT DISTINCT  `group` FROM `dk_menu` WHERE `group` <> '' AND `pid` = 124  [ RunTime:0.0010s ]
SQL: SELECT `id`,`url` FROM `dk_menu` WHERE `pid` = 124 AND `hide` = 0  [ RunTime:0.0000s ]
SQL: SELECT `id`,`pid`,`title`,`url`,`tip` FROM `dk_menu` WHERE `group` = '用户管理' AND `pid` = 124 AND `hide` = 0 ORDER BY sort asc  [ RunTime:0.0010s ]
SQL: SELECT `id`,`pid`,`title`,`url`,`tip` FROM `dk_menu` WHERE `group` = '教室' AND `pid` = 124 AND `hide` = 0 ORDER BY sort asc  [ RunTime:0.0000s ]
SQL: SELECT `id`,`pid`,`title`,`url`,`tip` FROM `dk_menu` WHERE `group` = '课程' AND `pid` = 124 AND `hide` = 0 ORDER BY sort asc  [ RunTime:0.0000s ]
SQL: SELECT `id`,`pid`,`title`,`url`,`tip` FROM `dk_menu` WHERE `group` = '班级' AND `pid` = 124 AND `hide` = 0 ORDER BY sort asc  [ RunTime:0.0010s ]
SQL: SELECT `id`,`pid`,`title`,`url`,`tip` FROM `dk_menu` WHERE `group` = '考勤' AND `pid` = 124 AND `hide` = 0 ORDER BY sort asc  [ RunTime:0.0000s ]
SQL: SELECT `id`,`pid`,`title`,`url`,`tip` FROM `dk_menu` WHERE `group` = ' 通知' AND `pid` = 124 AND `hide` = 0 ORDER BY sort asc  [ RunTime:0.0000s ]
SQL: SHOW COLUMNS FROM `dk_notice` [ RunTime:0.0040s ]
SQL: SHOW COLUMNS FROM `dk_wx_tpl` [ RunTime:0.0040s ]
SQL: SHOW COLUMNS FROM `dk_students` [ RunTime:0.0050s ]
SQL: SHOW COLUMNS FROM `dk_class` [ RunTime:0.0040s ]
SQL: SHOW COLUMNS FROM `dk_class_years` [ RunTime:0.0030s ]
SQL: SELECT `id`,`title` FROM `dk_wx_tpl`  [ RunTime:0.0000s ]
SQL: SHOW COLUMNS FROM `dk_students` [ RunTime:0.0030s ]
SQL: SELECT COUNT(*) AS tp_count FROM dk_students s,dk_class c,dk_class_years y,dk_notice n WHERE ( n.user_id = s.id and s.class_id = c.id and c.class_year_id =y.id ) LIMIT 1   [ RunTime:0.0000s ]
SQL: SHOW COLUMNS FROM `dk_students` [ RunTime:0.0020s ]
SQL: SELECT n.id,n.title,n.time,n.sender,s.username,c.class_name,y.year_name FROM dk_students s,dk_class c,dk_class_years y,dk_notice n WHERE ( n.user_id = s.id and s.class_id = c.id and c.class_year_id =y.id ) ORDER BY time DESC LIMIT 0,10   [ RunTime:0.0010s ]
INFO: [ view_parse ] --START--
INFO: [ template_filter ] --START--
INFO: Run Behavior\ContentReplaceBehavior [ RunTime:0.000000s ]
INFO: [ template_filter ] --END-- [ RunTime:0.000000s ]
NOTIC: [8] Undefined variable: meta_title E:\phpStudy\WWW\ysd\Runtime\Cache\Admin\494a945433229670ee08b77a7d2252c2.php 第 5 行.
NOTIC: [8] Undefined variable: subjects E:\phpStudy\WWW\ysd\Runtime\Cache\Admin\494a945433229670ee08b77a7d2252c2.php 第 117 行.
NOTIC: [8] Undefined variable: keyword E:\phpStudy\WWW\ysd\Runtime\Cache\Admin\494a945433229670ee08b77a7d2252c2.php 第 125 行.
INFO: Run Behavior\ParseTemplateBehavior [ RunTime:0.013000s ]
INFO: [ view_parse ] --END-- [ RunTime:0.013000s ]
INFO: [ view_filter ] --START--
INFO: Run Behavior\WriteHtmlCacheBehavior [ RunTime:0.000000s ]
INFO: [ view_filter ] --END-- [ RunTime:0.000000s ]
INFO: [ app_end ] --START--
INFO: Run Behavior\ShowPageTraceBehavior [ RunTime:0.000000s ]
INFO: [ app_end ] --END-- [ RunTime:0.000000s ]

[ 2016-11-24T10:32:11+08:00 ] 127.0.0.1 /admin.php?s=/Notice/add.html
INFO: [ app_init ] --START--
INFO: Run Behavior\BuildLiteBehavior [ RunTime:0.000000s ]
INFO: Run Common\Behavior\InitHookBehavior [ RunTime:0.001000s ]
INFO: [ app_init ] --END-- [ RunTime:0.001000s ]
INFO: [ app_begin ] --START--
INFO: Run Behavior\ReadHtmlCacheBehavior [ RunTime:0.000000s ]
INFO: [ app_begin ] --END-- [ RunTime:0.000000s ]
SQL: SHOW COLUMNS FROM `dk_menu` [ RunTime:0.0020s ]
SQL: SELECT `id`,`title`,`url` FROM `dk_menu` WHERE `pid` = 0 AND `hide` = 0 ORDER BY sort asc  [ RunTime:0.0010s ]
SQL: SELECT `pid` FROM `dk_menu` WHERE ( pid !=0 AND url like '%Notice/add%' ) LIMIT 1   [ RunTime:0.0000s ]
SQL: SELECT * FROM `dk_menu` WHERE `id` = 164 LIMIT 1   [ RunTime:0.0000s ]
SQL: SELECT * FROM `dk_menu` WHERE `id` = 124 LIMIT 1   [ RunTime:0.0000s ]
SQL: SELECT DISTINCT  `group` FROM `dk_menu` WHERE `group` <> '' AND `pid` = 124  [ RunTime:0.0010s ]
SQL: SELECT `id`,`url` FROM `dk_menu` WHERE `pid` = 124 AND `hide` = 0  [ RunTime:0.0000s ]
SQL: SELECT `id`,`pid`,`title`,`url`,`tip` FROM `dk_menu` WHERE `group` = '用户管理' AND `pid` = 124 AND `hide` = 0 ORDER BY sort asc  [ RunTime:0.0000s ]
SQL: SELECT `id`,`pid`,`title`,`url`,`tip` FROM `dk_menu` WHERE `group` = '教室' AND `pid` = 124 AND `hide` = 0 ORDER BY sort asc  [ RunTime:0.0010s ]
SQL: SELECT `id`,`pid`,`title`,`url`,`tip` FROM `dk_menu` WHERE `group` = '课程' AND `pid` = 124 AND `hide` = 0 ORDER BY sort asc  [ RunTime:0.0000s ]
SQL: SELECT `id`,`pid`,`title`,`url`,`tip` FROM `dk_menu` WHERE `group` = '班级' AND `pid` = 124 AND `hide` = 0 ORDER BY sort asc  [ RunTime:0.0000s ]
SQL: SELECT `id`,`pid`,`title`,`url`,`tip` FROM `dk_menu` WHERE `group` = '考勤' AND `pid` = 124 AND `hide` = 0 ORDER BY sort asc  [ RunTime:0.0000s ]
SQL: SELECT `id`,`pid`,`title`,`url`,`tip` FROM `dk_menu` WHERE `group` = ' 通知' AND `pid` = 124 AND `hide` = 0 ORDER BY sort asc  [ RunTime:0.0000s ]
SQL: SHOW COLUMNS FROM `dk_notice` [ RunTime:0.0020s ]
SQL: SHOW COLUMNS FROM `dk_wx_tpl` [ RunTime:0.0020s ]
SQL: SHOW COLUMNS FROM `dk_students` [ RunTime:0.0030s ]
SQL: SHOW COLUMNS FROM `dk_class` [ RunTime:0.0020s ]
SQL: SHOW COLUMNS FROM `dk_class_years` [ RunTime:0.0020s ]
SQL: SELECT `id`,`title` FROM `dk_wx_tpl`  [ RunTime:0.0000s ]
INFO: [ view_parse ] --START--
INFO: [ template_filter ] --START--
INFO: Run Behavior\ContentReplaceBehavior [ RunTime:0.001000s ]
INFO: [ template_filter ] --END-- [ RunTime:0.001000s ]
NOTIC: [8] Undefined variable: meta_title E:\phpStudy\WWW\ysd\Runtime\Cache\Admin\7f08e53135ef0abf7168cefb24839964.php 第 5 行.
NOTIC: [8] Undefined variable: curr_template E:\phpStudy\WWW\ysd\Runtime\Cache\Admin\7f08e53135ef0abf7168cefb24839964.php 第 103 行.
NOTIC: [8] Undefined variable: curr_template E:\phpStudy\WWW\ysd\Runtime\Cache\Admin\7f08e53135ef0abf7168cefb24839964.php 第 103 行.
NOTIC: [8] Undefined variable: curr_template E:\phpStudy\WWW\ysd\Runtime\Cache\Admin\7f08e53135ef0abf7168cefb24839964.php 第 103 行.
NOTIC: [8] Undefined variable: curr_template E:\phpStudy\WWW\ysd\Runtime\Cache\Admin\7f08e53135ef0abf7168cefb24839964.php 第 103 行.
NOTIC: [8] Undefined variable: curr_template E:\phpStudy\WWW\ysd\Runtime\Cache\Admin\7f08e53135ef0abf7168cefb24839964.php 第 103 行.
NOTIC: [8] Undefined variable: curr_template E:\phpStudy\WWW\ysd\Runtime\Cache\Admin\7f08e53135ef0abf7168cefb24839964.php 第 103 行.
NOTIC: [8] Undefined variable: curr_template E:\phpStudy\WWW\ysd\Runtime\Cache\Admin\7f08e53135ef0abf7168cefb24839964.php 第 103 行.
NOTIC: [8] Undefined variable: curr_template E:\phpStudy\WWW\ysd\Runtime\Cache\Admin\7f08e53135ef0abf7168cefb24839964.php 第 103 行.
NOTIC: [8] Undefined variable: curr_template E:\phpStudy\WWW\ysd\Runtime\Cache\Admin\7f08e53135ef0abf7168cefb24839964.php 第 103 行.
NOTIC: [8] Undefined variable: curr_template E:\phpStudy\WWW\ysd\Runtime\Cache\Admin\7f08e53135ef0abf7168cefb24839964.php 第 103 行.
NOTIC: [8] Undefined variable: datafrom E:\phpStudy\WWW\ysd\Runtime\Cache\Admin\7f08e53135ef0abf7168cefb24839964.php 第 136 行.
NOTIC: [8] Undefined variable: commefrom E:\phpStudy\WWW\ysd\Runtime\Cache\Admin\7f08e53135ef0abf7168cefb24839964.php 第 143 行.
INFO: Run Behavior\ParseTemplateBehavior [ RunTime:0.013000s ]
INFO: [ view_parse ] --END-- [ RunTime:0.013000s ]
INFO: [ view_filter ] --START--
INFO: Run Behavior\WriteHtmlCacheBehavior [ RunTime:0.000000s ]
INFO: [ view_filter ] --END-- [ RunTime:0.000000s ]
INFO: [ app_end ] --START--
INFO: Run Behavior\ShowPageTraceBehavior [ RunTime:0.000000s ]
INFO: [ app_end ] --END-- [ RunTime:0.000000s ]

[ 2016-11-24T10:32:12+08:00 ] 127.0.0.1 /admin.php?s=/Notice/getData.html
INFO: [ app_init ] --START--
INFO: Run Behavior\BuildLiteBehavior [ RunTime:0.000000s ]
INFO: Run Common\Behavior\InitHookBehavior [ RunTime:0.001000s ]
INFO: [ app_init ] --END-- [ RunTime:0.001000s ]
INFO: [ app_begin ] --START--
INFO: Run Behavior\ReadHtmlCacheBehavior [ RunTime:0.000000s ]
INFO: [ app_begin ] --END-- [ RunTime:0.000000s ]
SQL: SHOW COLUMNS FROM `dk_menu` [ RunTime:0.0020s ]
SQL: SELECT `id`,`title`,`url` FROM `dk_menu` WHERE `pid` = 0 AND `hide` = 0 ORDER BY sort asc  [ RunTime:0.0000s ]
SQL: SELECT `pid` FROM `dk_menu` WHERE ( pid !=0 AND url like '%Notice/getData%' ) LIMIT 1   [ RunTime:0.0000s ]
SQL: SHOW COLUMNS FROM `dk_notice` [ RunTime:0.0020s ]
SQL: SHOW COLUMNS FROM `dk_wx_tpl` [ RunTime:0.0020s ]
SQL: SHOW COLUMNS FROM `dk_students` [ RunTime:0.0020s ]
SQL: SHOW COLUMNS FROM `dk_class` [ RunTime:0.0020s ]
SQL: SHOW COLUMNS FROM `dk_class_years` [ RunTime:0.0020s ]
SQL: SELECT `id`,`title` FROM `dk_wx_tpl`  [ RunTime:0.0010s ]
SQL: SHOW COLUMNS FROM `dk_class` [ RunTime:0.0020s ]
SQL: SELECT c.id,c.class_name,cy.year_name FROM dk_class c,dk_class_years cy WHERE ( c.class_year_id = cy.id )  [ RunTime:0.0000s ]
SQL: SHOW COLUMNS FROM `dk_students` [ RunTime:0.0030s ]
SQL: SELECT s.id,s.username,s.class_id FROM dk_students s,dk_class c WHERE ( s.class_id = c.id )  [ RunTime:0.0030s ]
INFO: [ app_end ] --START--
INFO: Run Behavior\ShowPageTraceBehavior [ RunTime:0.001000s ]
INFO: [ app_end ] --END-- [ RunTime:0.001000s ]

[ 2016-11-24T10:37:07+08:00 ] 127.0.0.1 /admin.php?s=/Notice/index.html
INFO: [ app_init ] --START--
INFO: Run Behavior\BuildLiteBehavior [ RunTime:0.000000s ]
INFO: Run Common\Behavior\InitHookBehavior [ RunTime:0.001000s ]
INFO: [ app_init ] --END-- [ RunTime:0.002001s ]
INFO: [ app_begin ] --START--
INFO: Run Behavior\ReadHtmlCacheBehavior [ RunTime:0.001000s ]
INFO: [ app_begin ] --END-- [ RunTime:0.001000s ]
SQL: SHOW COLUMNS FROM `dk_menu` [ RunTime:0.0020s ]
SQL: SELECT `id`,`title`,`url` FROM `dk_menu` WHERE `pid` = 0 AND `hide` = 0 ORDER BY sort asc  [ RunTime:0.0000s ]
SQL: SELECT `pid` FROM `dk_menu` WHERE ( pid !=0 AND url like '%Notice/index%' ) LIMIT 1   [ RunTime:0.0010s ]
SQL: SELECT * FROM `dk_menu` WHERE `id` = 124 LIMIT 1   [ RunTime:0.0000s ]
SQL: SELECT DISTINCT  `group` FROM `dk_menu` WHERE `group` <> '' AND `pid` = 124  [ RunTime:0.0010s ]
SQL: SELECT `id`,`url` FROM `dk_menu` WHERE `pid` = 124 AND `hide` = 0  [ RunTime:0.0000s ]
SQL: SELECT `id`,`pid`,`title`,`url`,`tip` FROM `dk_menu` WHERE `group` = '用户管理' AND `pid` = 124 AND `hide` = 0 ORDER BY sort asc  [ RunTime:0.0000s ]
SQL: SELECT `id`,`pid`,`title`,`url`,`tip` FROM `dk_menu` WHERE `group` = '教室' AND `pid` = 124 AND `hide` = 0 ORDER BY sort asc  [ RunTime:0.0000s ]
SQL: SELECT `id`,`pid`,`title`,`url`,`tip` FROM `dk_menu` WHERE `group` = '课程' AND `pid` = 124 AND `hide` = 0 ORDER BY sort asc  [ RunTime:0.0000s ]
SQL: SELECT `id`,`pid`,`title`,`url`,`tip` FROM `dk_menu` WHERE `group` = '班级' AND `pid` = 124 AND `hide` = 0 ORDER BY sort asc  [ RunTime:0.0000s ]
SQL: SELECT `id`,`pid`,`title`,`url`,`tip` FROM `dk_menu` WHERE `group` = '考勤' AND `pid` = 124 AND `hide` = 0 ORDER BY sort asc  [ RunTime:0.0000s ]
SQL: SELECT `id`,`pid`,`title`,`url`,`tip` FROM `dk_menu` WHERE `group` = ' 通知' AND `pid` = 124 AND `hide` = 0 ORDER BY sort asc  [ RunTime:0.0000s ]
SQL: SHOW COLUMNS FROM `dk_notice` [ RunTime:0.0020s ]
SQL: SHOW COLUMNS FROM `dk_wx_tpl` [ RunTime:0.0020s ]
SQL: SHOW COLUMNS FROM `dk_students` [ RunTime:0.0020s ]
SQL: SHOW COLUMNS FROM `dk_class` [ RunTime:0.0020s ]
SQL: SHOW COLUMNS FROM `dk_class_years` [ RunTime:0.0030s ]
SQL: SELECT `id`,`title` FROM `dk_wx_tpl`  [ RunTime:0.0000s ]
SQL: SHOW COLUMNS FROM `dk_students` [ RunTime:0.0020s ]
SQL: SELECT COUNT(*) AS tp_count FROM dk_students s,dk_class c,dk_class_years y,dk_notice n WHERE ( n.user_id = s.id and s.class_id = c.id and c.class_year_id =y.id ) LIMIT 1   [ RunTime:0.0000s ]
SQL: SHOW COLUMNS FROM `dk_students` [ RunTime:0.0030s ]
SQL: SELECT n.id,n.title,n.time,n.sender,s.username,c.class_name,y.year_name FROM dk_students s,dk_class c,dk_class_years y,dk_notice n WHERE ( n.user_id = s.id and s.class_id = c.id and c.class_year_id =y.id ) ORDER BY time DESC LIMIT 0,10   [ RunTime:0.0000s ]
INFO: [ view_parse ] --START--
INFO: [ template_filter ] --START--
INFO: Run Behavior\ContentReplaceBehavior [ RunTime:0.000000s ]
INFO: [ template_filter ] --END-- [ RunTime:0.000000s ]
NOTIC: [8] Undefined variable: meta_title E:\phpStudy\WWW\ysd\Runtime\Cache\Admin\494a945433229670ee08b77a7d2252c2.php 第 5 行.
NOTIC: [8] Undefined variable: subjects E:\phpStudy\WWW\ysd\Runtime\Cache\Admin\494a945433229670ee08b77a7d2252c2.php 第 117 行.
NOTIC: [8] Undefined variable: keyword E:\phpStudy\WWW\ysd\Runtime\Cache\Admin\494a945433229670ee08b77a7d2252c2.php 第 125 行.
INFO: Run Behavior\ParseTemplateBehavior [ RunTime:0.012001s ]
INFO: [ view_parse ] --END-- [ RunTime:0.012001s ]
INFO: [ view_filter ] --START--
INFO: Run Behavior\WriteHtmlCacheBehavior [ RunTime:0.000000s ]
INFO: [ view_filter ] --END-- [ RunTime:0.001000s ]
INFO: [ app_end ] --START--
INFO: Run Behavior\ShowPageTraceBehavior [ RunTime:0.000000s ]
INFO: [ app_end ] --END-- [ RunTime:0.000000s ]

[ 2016-11-24T10:37:09+08:00 ] 127.0.0.1 /admin.php?s=/Notice/add.html
INFO: [ app_init ] --START--
INFO: Run Behavior\BuildLiteBehavior [ RunTime:0.000000s ]
INFO: Run Common\Behavior\InitHookBehavior [ RunTime:0.002000s ]
INFO: [ app_init ] --END-- [ RunTime:0.002000s ]
INFO: [ app_begin ] --START--
INFO: Run Behavior\ReadHtmlCacheBehavior [ RunTime:0.000000s ]
INFO: [ app_begin ] --END-- [ RunTime:0.001000s ]
SQL: SHOW COLUMNS FROM `dk_menu` [ RunTime:0.0020s ]
SQL: SELECT `id`,`title`,`url` FROM `dk_menu` WHERE `pid` = 0 AND `hide` = 0 ORDER BY sort asc  [ RunTime:0.0000s ]
SQL: SELECT `pid` FROM `dk_menu` WHERE ( pid !=0 AND url like '%Notice/add%' ) LIMIT 1   [ RunTime:0.0000s ]
SQL: SELECT * FROM `dk_menu` WHERE `id` = 164 LIMIT 1   [ RunTime:0.0000s ]
SQL: SELECT * FROM `dk_menu` WHERE `id` = 124 LIMIT 1   [ RunTime:0.0000s ]
SQL: SELECT DISTINCT  `group` FROM `dk_menu` WHERE `group` <> '' AND `pid` = 124  [ RunTime:0.0010s ]
SQL: SELECT `id`,`url` FROM `dk_menu` WHERE `pid` = 124 AND `hide` = 0  [ RunTime:0.0000s ]
SQL: SELECT `id`,`pid`,`title`,`url`,`tip` FROM `dk_menu` WHERE `group` = '用户管理' AND `pid` = 124 AND `hide` = 0 ORDER BY sort asc  [ RunTime:0.0010s ]
SQL: SELECT `id`,`pid`,`title`,`url`,`tip` FROM `dk_menu` WHERE `group` = '教室' AND `pid` = 124 AND `hide` = 0 ORDER BY sort asc  [ RunTime:0.0000s ]
SQL: SELECT `id`,`pid`,`title`,`url`,`tip` FROM `dk_menu` WHERE `group` = '课程' AND `pid` = 124 AND `hide` = 0 ORDER BY sort asc  [ RunTime:0.0000s ]
SQL: SELECT `id`,`pid`,`title`,`url`,`tip` FROM `dk_menu` WHERE `group` = '班级' AND `pid` = 124 AND `hide` = 0 ORDER BY sort asc  [ RunTime:0.0000s ]
SQL: SELECT `id`,`pid`,`title`,`url`,`tip` FROM `dk_menu` WHERE `group` = '考勤' AND `pid` = 124 AND `hide` = 0 ORDER BY sort asc  [ RunTime:0.0000s ]
SQL: SELECT `id`,`pid`,`title`,`url`,`tip` FROM `dk_menu` WHERE `group` = ' 通知' AND `pid` = 124 AND `hide` = 0 ORDER BY sort asc  [ RunTime:0.0010s ]
SQL: SHOW COLUMNS FROM `dk_notice` [ RunTime:0.0020s ]
SQL: SHOW COLUMNS FROM `dk_wx_tpl` [ RunTime:0.0020s ]
SQL: SHOW COLUMNS FROM `dk_students` [ RunTime:0.0020s ]
SQL: SHOW COLUMNS FROM `dk_class` [ RunTime:0.0020s ]
SQL: SHOW COLUMNS FROM `dk_class_years` [ RunTime:0.0020s ]
SQL: SELECT `id`,`title` FROM `dk_wx_tpl`  [ RunTime:0.0000s ]
INFO: [ view_parse ] --START--
INFO: [ template_filter ] --START--
INFO: Run Behavior\ContentReplaceBehavior [ RunTime:0.000000s ]
INFO: [ template_filter ] --END-- [ RunTime:0.000000s ]
NOTIC: [8] Undefined variable: meta_title E:\phpStudy\WWW\ysd\Runtime\Cache\Admin\7f08e53135ef0abf7168cefb24839964.php 第 5 行.
NOTIC: [8] Undefined variable: curr_template E:\phpStudy\WWW\ysd\Runtime\Cache\Admin\7f08e53135ef0abf7168cefb24839964.php 第 103 行.
NOTIC: [8] Undefined variable: curr_template E:\phpStudy\WWW\ysd\Runtime\Cache\Admin\7f08e53135ef0abf7168cefb24839964.php 第 103 行.
NOTIC: [8] Undefined variable: curr_template E:\phpStudy\WWW\ysd\Runtime\Cache\Admin\7f08e53135ef0abf7168cefb24839964.php 第 103 行.
NOTIC: [8] Undefined variable: curr_template E:\phpStudy\WWW\ysd\Runtime\Cache\Admin\7f08e53135ef0abf7168cefb24839964.php 第 103 行.
NOTIC: [8] Undefined variable: curr_template E:\phpStudy\WWW\ysd\Runtime\Cache\Admin\7f08e53135ef0abf7168cefb24839964.php 第 103 行.
NOTIC: [8] Undefined variable: curr_template E:\phpStudy\WWW\ysd\Runtime\Cache\Admin\7f08e53135ef0abf7168cefb24839964.php 第 103 行.
NOTIC: [8] Undefined variable: curr_template E:\phpStudy\WWW\ysd\Runtime\Cache\Admin\7f08e53135ef0abf7168cefb24839964.php 第 103 行.
NOTIC: [8] Undefined variable: curr_template E:\phpStudy\WWW\ysd\Runtime\Cache\Admin\7f08e53135ef0abf7168cefb24839964.php 第 103 行.
NOTIC: [8] Undefined variable: curr_template E:\phpStudy\WWW\ysd\Runtime\Cache\Admin\7f08e53135ef0abf7168cefb24839964.php 第 103 行.
NOTIC: [8] Undefined variable: curr_template E:\phpStudy\WWW\ysd\Runtime\Cache\Admin\7f08e53135ef0abf7168cefb24839964.php 第 103 行.
NOTIC: [8] Undefined variable: datafrom E:\phpStudy\WWW\ysd\Runtime\Cache\Admin\7f08e53135ef0abf7168cefb24839964.php 第 136 行.
NOTIC: [8] Undefined variable: commefrom E:\phpStudy\WWW\ysd\Runtime\Cache\Admin\7f08e53135ef0abf7168cefb24839964.php 第 143 行.
INFO: Run Behavior\ParseTemplateBehavior [ RunTime:0.013000s ]
INFO: [ view_parse ] --END-- [ RunTime:0.013000s ]
INFO: [ view_filter ] --START--
INFO: Run Behavior\WriteHtmlCacheBehavior [ RunTime:0.000000s ]
INFO: [ view_filter ] --END-- [ RunTime:0.000000s ]
INFO: [ app_end ] --START--
INFO: Run Behavior\ShowPageTraceBehavior [ RunTime:0.001000s ]
INFO: [ app_end ] --END-- [ RunTime:0.001000s ]

[ 2016-11-24T10:37:10+08:00 ] 127.0.0.1 /admin.php?s=/Notice/getData.html
INFO: [ app_init ] --START--
INFO: Run Behavior\BuildLiteBehavior [ RunTime:0.000000s ]
INFO: Run Common\Behavior\InitHookBehavior [ RunTime:0.001000s ]
INFO: [ app_init ] --END-- [ RunTime:0.002001s ]
INFO: [ app_begin ] --START--
INFO: Run Behavior\ReadHtmlCacheBehavior [ RunTime:0.000000s ]
INFO: [ app_begin ] --END-- [ RunTime:0.000000s ]
SQL: SHOW COLUMNS FROM `dk_menu` [ RunTime:0.0020s ]
SQL: SELECT `id`,`title`,`url` FROM `dk_menu` WHERE `pid` = 0 AND `hide` = 0 ORDER BY sort asc  [ RunTime:0.0010s ]
SQL: SELECT `pid` FROM `dk_menu` WHERE ( pid !=0 AND url like '%Notice/getData%' ) LIMIT 1   [ RunTime:0.0000s ]
SQL: SHOW COLUMNS FROM `dk_notice` [ RunTime:0.0020s ]
SQL: SHOW COLUMNS FROM `dk_wx_tpl` [ RunTime:0.0030s ]
SQL: SHOW COLUMNS FROM `dk_students` [ RunTime:0.0020s ]
SQL: SHOW COLUMNS FROM `dk_class` [ RunTime:0.0020s ]
SQL: SHOW COLUMNS FROM `dk_class_years` [ RunTime:0.0020s ]
SQL: SELECT `id`,`title` FROM `dk_wx_tpl`  [ RunTime:0.0000s ]
SQL: SHOW COLUMNS FROM `dk_class` [ RunTime:0.0030s ]
SQL: SELECT c.id,c.class_name,cy.year_name FROM dk_class c,dk_class_years cy WHERE ( c.class_year_id = cy.id )  [ RunTime:0.0000s ]
SQL: SHOW COLUMNS FROM `dk_students` [ RunTime:0.0020s ]
SQL: SELECT s.id,s.username,s.class_id FROM dk_students s,dk_class c WHERE ( s.class_id = c.id )  [ RunTime:0.0010s ]
INFO: [ app_end ] --START--
INFO: Run Behavior\ShowPageTraceBehavior [ RunTime:0.001000s ]
INFO: [ app_end ] --END-- [ RunTime:0.001000s ]

[ 2016-11-24T10:37:52+08:00 ] 127.0.0.1 /admin.php?s=/Notice/add.html
INFO: [ app_init ] --START--
INFO: Run Behavior\BuildLiteBehavior [ RunTime:0.000000s ]
INFO: Run Common\Behavior\InitHookBehavior [ RunTime:0.001000s ]
INFO: [ app_init ] --END-- [ RunTime:0.001000s ]
INFO: [ app_begin ] --START--
INFO: Run Behavior\ReadHtmlCacheBehavior [ RunTime:0.000000s ]
INFO: [ app_begin ] --END-- [ RunTime:0.001000s ]
SQL: SHOW COLUMNS FROM `dk_menu` [ RunTime:0.0030s ]
SQL: SELECT `id`,`title`,`url` FROM `dk_menu` WHERE `pid` = 0 AND `hide` = 0 ORDER BY sort asc  [ RunTime:0.0000s ]
SQL: SELECT `pid` FROM `dk_menu` WHERE ( pid !=0 AND url like '%Notice/add%' ) LIMIT 1   [ RunTime:0.0000s ]
SQL: SELECT * FROM `dk_menu` WHERE `id` = 164 LIMIT 1   [ RunTime:0.0010s ]
SQL: SELECT * FROM `dk_menu` WHERE `id` = 124 LIMIT 1   [ RunTime:0.0000s ]
SQL: SELECT DISTINCT  `group` FROM `dk_menu` WHERE `group` <> '' AND `pid` = 124  [ RunTime:0.0000s ]
SQL: SELECT `id`,`url` FROM `dk_menu` WHERE `pid` = 124 AND `hide` = 0  [ RunTime:0.0010s ]
SQL: SELECT `id`,`pid`,`title`,`url`,`tip` FROM `dk_menu` WHERE `group` = '用户管理' AND `pid` = 124 AND `hide` = 0 ORDER BY sort asc  [ RunTime:0.0000s ]
SQL: SELECT `id`,`pid`,`title`,`url`,`tip` FROM `dk_menu` WHERE `group` = '教室' AND `pid` = 124 AND `hide` = 0 ORDER BY sort asc  [ RunTime:0.0000s ]
SQL: SELECT `id`,`pid`,`title`,`url`,`tip` FROM `dk_menu` WHERE `group` = '课程' AND `pid` = 124 AND `hide` = 0 ORDER BY sort asc  [ RunTime:0.0010s ]
SQL: SELECT `id`,`pid`,`title`,`url`,`tip` FROM `dk_menu` WHERE `group` = '班级' AND `pid` = 124 AND `hide` = 0 ORDER BY sort asc  [ RunTime:0.0000s ]
SQL: SELECT `id`,`pid`,`title`,`url`,`tip` FROM `dk_menu` WHERE `group` = '考勤' AND `pid` = 124 AND `hide` = 0 ORDER BY sort asc  [ RunTime:0.0000s ]
SQL: SELECT `id`,`pid`,`title`,`url`,`tip` FROM `dk_menu` WHERE `group` = ' 通知' AND `pid` = 124 AND `hide` = 0 ORDER BY sort asc  [ RunTime:0.0010s ]
SQL: SHOW COLUMNS FROM `dk_notice` [ RunTime:0.0030s ]
SQL: SHOW COLUMNS FROM `dk_wx_tpl` [ RunTime:0.0020s ]
SQL: SHOW COLUMNS FROM `dk_students` [ RunTime:0.0030s ]
SQL: SHOW COLUMNS FROM `dk_class` [ RunTime:0.0020s ]
SQL: SHOW COLUMNS FROM `dk_class_years` [ RunTime:0.0020s ]
SQL: SELECT `id`,`title` FROM `dk_wx_tpl`  [ RunTime:0.0010s ]
INFO: [ view_parse ] --START--
INFO: [ template_filter ] --START--
INFO: Run Behavior\ContentReplaceBehavior [ RunTime:0.000000s ]
INFO: [ template_filter ] --END-- [ RunTime:0.000000s ]
NOTIC: [8] Undefined variable: meta_title E:\phpStudy\WWW\ysd\Runtime\Cache\Admin\7f08e53135ef0abf7168cefb24839964.php 第 5 行.
NOTIC: [8] Undefined variable: curr_template E:\phpStudy\WWW\ysd\Runtime\Cache\Admin\7f08e53135ef0abf7168cefb24839964.php 第 103 行.
NOTIC: [8] Undefined variable: curr_template E:\phpStudy\WWW\ysd\Runtime\Cache\Admin\7f08e53135ef0abf7168cefb24839964.php 第 103 行.
NOTIC: [8] Undefined variable: curr_template E:\phpStudy\WWW\ysd\Runtime\Cache\Admin\7f08e53135ef0abf7168cefb24839964.php 第 103 行.
NOTIC: [8] Undefined variable: curr_template E:\phpStudy\WWW\ysd\Runtime\Cache\Admin\7f08e53135ef0abf7168cefb24839964.php 第 103 行.
NOTIC: [8] Undefined variable: curr_template E:\phpStudy\WWW\ysd\Runtime\Cache\Admin\7f08e53135ef0abf7168cefb24839964.php 第 103 行.
NOTIC: [8] Undefined variable: curr_template E:\phpStudy\WWW\ysd\Runtime\Cache\Admin\7f08e53135ef0abf7168cefb24839964.php 第 103 行.
NOTIC: [8] Undefined variable: curr_template E:\phpStudy\WWW\ysd\Runtime\Cache\Admin\7f08e53135ef0abf7168cefb24839964.php 第 103 行.
NOTIC: [8] Undefined variable: curr_template E:\phpStudy\WWW\ysd\Runtime\Cache\Admin\7f08e53135ef0abf7168cefb24839964.php 第 103 行.
NOTIC: [8] Undefined variable: curr_template E:\phpStudy\WWW\ysd\Runtime\Cache\Admin\7f08e53135ef0abf7168cefb24839964.php 第 103 行.
NOTIC: [8] Undefined variable: curr_template E:\phpStudy\WWW\ysd\Runtime\Cache\Admin\7f08e53135ef0abf7168cefb24839964.php 第 103 行.
NOTIC: [8] Undefined variable: datafrom E:\phpStudy\WWW\ysd\Runtime\Cache\Admin\7f08e53135ef0abf7168cefb24839964.php 第 136 行.
NOTIC: [8] Undefined variable: commefrom E:\phpStudy\WWW\ysd\Runtime\Cache\Admin\7f08e53135ef0abf7168cefb24839964.php 第 143 行.
NOTIC: [8] Undefined variable: datafrom E:\phpStudy\WWW\ysd\Runtime\Cache\Admin\7f08e53135ef0abf7168cefb24839964.php 第 152 行.
INFO: Run Behavior\ParseTemplateBehavior [ RunTime:0.014000s ]
INFO: [ view_parse ] --END-- [ RunTime:0.015000s ]
INFO: [ view_filter ] --START--
INFO: Run Behavior\WriteHtmlCacheBehavior [ RunTime:0.000000s ]
INFO: [ view_filter ] --END-- [ RunTime:0.000000s ]
INFO: [ app_end ] --START--
INFO: Run Behavior\ShowPageTraceBehavior [ RunTime:0.000000s ]
INFO: [ app_end ] --END-- [ RunTime:0.000000s ]

[ 2016-11-24T10:37:53+08:00 ] 127.0.0.1 /admin.php?s=/Notice/getData.html
INFO: [ app_init ] --START--
INFO: Run Behavior\BuildLiteBehavior [ RunTime:0.000000s ]
INFO: Run Common\Behavior\InitHookBehavior [ RunTime:0.001000s ]
INFO: [ app_init ] --END-- [ RunTime:0.001000s ]
INFO: [ app_begin ] --START--
INFO: Run Behavior\ReadHtmlCacheBehavior [ RunTime:0.000000s ]
INFO: [ app_begin ] --END-- [ RunTime:0.000000s ]
SQL: SHOW COLUMNS FROM `dk_menu` [ RunTime:0.0030s ]
SQL: SELECT `id`,`title`,`url` FROM `dk_menu` WHERE `pid` = 0 AND `hide` = 0 ORDER BY sort asc  [ RunTime:0.0000s ]
SQL: SELECT `pid` FROM `dk_menu` WHERE ( pid !=0 AND url like '%Notice/getData%' ) LIMIT 1   [ RunTime:0.0010s ]
SQL: SHOW COLUMNS FROM `dk_notice` [ RunTime:0.0020s ]
SQL: SHOW COLUMNS FROM `dk_wx_tpl` [ RunTime:0.0020s ]
SQL: SHOW COLUMNS FROM `dk_students` [ RunTime:0.0030s ]
SQL: SHOW COLUMNS FROM `dk_class` [ RunTime:0.0020s ]
SQL: SHOW COLUMNS FROM `dk_class_years` [ RunTime:0.0020s ]
SQL: SELECT `id`,`title` FROM `dk_wx_tpl`  [ RunTime:0.0000s ]
SQL: SHOW COLUMNS FROM `dk_class` [ RunTime:0.0020s ]
SQL: SELECT c.id,c.class_name,cy.year_name FROM dk_class c,dk_class_years cy WHERE ( c.class_year_id = cy.id )  [ RunTime:0.0010s ]
SQL: SHOW COLUMNS FROM `dk_students` [ RunTime:0.0020s ]
SQL: SELECT s.id,s.username,s.class_id FROM dk_students s,dk_class c WHERE ( s.class_id = c.id )  [ RunTime:0.0010s ]
INFO: [ app_end ] --START--
INFO: Run Behavior\ShowPageTraceBehavior [ RunTime:0.001000s ]
INFO: [ app_end ] --END-- [ RunTime:0.001000s ]

[ 2016-11-24T10:37:58+08:00 ] 127.0.0.1 /admin.php?s=/Notice/add.html
INFO: [ app_init ] --START--
INFO: Run Behavior\BuildLiteBehavior [ RunTime:0.000000s ]
INFO: Run Common\Behavior\InitHookBehavior [ RunTime:0.002000s ]
INFO: [ app_init ] --END-- [ RunTime:0.002000s ]
INFO: [ app_begin ] --START--
INFO: Run Behavior\ReadHtmlCacheBehavior [ RunTime:0.001000s ]
INFO: [ app_begin ] --END-- [ RunTime:0.001000s ]
SQL: SHOW COLUMNS FROM `dk_menu` [ RunTime:0.0020s ]
SQL: SELECT `id`,`title`,`url` FROM `dk_menu` WHERE `pid` = 0 AND `hide` = 0 ORDER BY sort asc  [ RunTime:0.0000s ]
SQL: SELECT `pid` FROM `dk_menu` WHERE ( pid !=0 AND url like '%Notice/add%' ) LIMIT 1   [ RunTime:0.0000s ]
SQL: SELECT * FROM `dk_menu` WHERE `id` = 164 LIMIT 1   [ RunTime:0.0000s ]
SQL: SELECT * FROM `dk_menu` WHERE `id` = 124 LIMIT 1   [ RunTime:0.0010s ]
SQL: SELECT DISTINCT  `group` FROM `dk_menu` WHERE `group` <> '' AND `pid` = 124  [ RunTime:0.0000s ]
SQL: SELECT `id`,`url` FROM `dk_menu` WHERE `pid` = 124 AND `hide` = 0  [ RunTime:0.0000s ]
SQL: SELECT `id`,`pid`,`title`,`url`,`tip` FROM `dk_menu` WHERE `group` = '用户管理' AND `pid` = 124 AND `hide` = 0 ORDER BY sort asc  [ RunTime:0.0000s ]
SQL: SELECT `id`,`pid`,`title`,`url`,`tip` FROM `dk_menu` WHERE `group` = '教室' AND `pid` = 124 AND `hide` = 0 ORDER BY sort asc  [ RunTime:0.0000s ]
SQL: SELECT `id`,`pid`,`title`,`url`,`tip` FROM `dk_menu` WHERE `group` = '课程' AND `pid` = 124 AND `hide` = 0 ORDER BY sort asc  [ RunTime:0.0010s ]
SQL: SELECT `id`,`pid`,`title`,`url`,`tip` FROM `dk_menu` WHERE `group` = '班级' AND `pid` = 124 AND `hide` = 0 ORDER BY sort asc  [ RunTime:0.0000s ]
SQL: SELECT `id`,`pid`,`title`,`url`,`tip` FROM `dk_menu` WHERE `group` = '考勤' AND `pid` = 124 AND `hide` = 0 ORDER BY sort asc  [ RunTime:0.0000s ]
SQL: SELECT `id`,`pid`,`title`,`url`,`tip` FROM `dk_menu` WHERE `group` = ' 通知' AND `pid` = 124 AND `hide` = 0 ORDER BY sort asc  [ RunTime:0.0000s ]
SQL: SHOW COLUMNS FROM `dk_notice` [ RunTime:0.0020s ]
SQL: SHOW COLUMNS FROM `dk_wx_tpl` [ RunTime:0.0020s ]
SQL: SHOW COLUMNS FROM `dk_students` [ RunTime:0.0020s ]
SQL: SHOW COLUMNS FROM `dk_class` [ RunTime:0.0020s ]
SQL: SHOW COLUMNS FROM `dk_class_years` [ RunTime:0.0020s ]
SQL: SELECT `id`,`title` FROM `dk_wx_tpl`  [ RunTime:0.0000s ]
SQL: SELECT * FROM `dk_wx_tpl` WHERE `id` = 51 LIMIT 1   [ RunTime:0.0000s ]
INFO: [ view_parse ] --START--
INFO: [ template_filter ] --START--
INFO: Run Behavior\ContentReplaceBehavior [ RunTime:0.000000s ]
INFO: [ template_filter ] --END-- [ RunTime:0.000000s ]
NOTIC: [8] Undefined variable: meta_title E:\phpStudy\WWW\ysd\Runtime\Cache\Admin\7f08e53135ef0abf7168cefb24839964.php 第 5 行.
INFO: Run Behavior\ParseTemplateBehavior [ RunTime:0.012000s ]
INFO: [ view_parse ] --END-- [ RunTime:0.012000s ]
INFO: [ view_filter ] --START--
INFO: Run Behavior\WriteHtmlCacheBehavior [ RunTime:0.000000s ]
INFO: [ view_filter ] --END-- [ RunTime:0.000000s ]
INFO: [ app_end ] --START--
INFO: Run Behavior\ShowPageTraceBehavior [ RunTime:0.000000s ]
INFO: [ app_end ] --END-- [ RunTime:0.000000s ]

[ 2016-11-24T10:37:59+08:00 ] 127.0.0.1 /admin.php?s=/Notice/getData.html
INFO: [ app_init ] --START--
INFO: Run Behavior\BuildLiteBehavior [ RunTime:0.000000s ]
INFO: Run Common\Behavior\InitHookBehavior [ RunTime:0.001000s ]
INFO: [ app_init ] --END-- [ RunTime:0.001000s ]
INFO: [ app_begin ] --START--
INFO: Run Behavior\ReadHtmlCacheBehavior [ RunTime:0.000000s ]
INFO: [ app_begin ] --END-- [ RunTime:0.000000s ]
SQL: SHOW COLUMNS FROM `dk_menu` [ RunTime:0.0020s ]
SQL: SELECT `id`,`title`,`url` FROM `dk_menu` WHERE `pid` = 0 AND `hide` = 0 ORDER BY sort asc  [ RunTime:0.0000s ]
SQL: SELECT `pid` FROM `dk_menu` WHERE ( pid !=0 AND url like '%Notice/getData%' ) LIMIT 1   [ RunTime:0.0000s ]
SQL: SHOW COLUMNS FROM `dk_notice` [ RunTime:0.0020s ]
SQL: SHOW COLUMNS FROM `dk_wx_tpl` [ RunTime:0.0020s ]
SQL: SHOW COLUMNS FROM `dk_students` [ RunTime:0.0020s ]
SQL: SHOW COLUMNS FROM `dk_class` [ RunTime:0.0020s ]
SQL: SHOW COLUMNS FROM `dk_class_years` [ RunTime:0.0010s ]
SQL: SELECT `id`,`title` FROM `dk_wx_tpl`  [ RunTime:0.0000s ]
SQL: SHOW COLUMNS FROM `dk_class` [ RunTime:0.0020s ]
SQL: SELECT c.id,c.class_name,cy.year_name FROM dk_class c,dk_class_years cy WHERE ( c.class_year_id = cy.id )  [ RunTime:0.0000s ]
SQL: SHOW COLUMNS FROM `dk_students` [ RunTime:0.0030s ]
SQL: SELECT s.id,s.username,s.class_id FROM dk_students s,dk_class c WHERE ( s.class_id = c.id )  [ RunTime:0.0010s ]
INFO: [ app_end ] --START--
INFO: Run Behavior\ShowPageTraceBehavior [ RunTime:0.001000s ]
INFO: [ app_end ] --END-- [ RunTime:0.001000s ]

[ 2016-11-24T10:44:17+08:00 ] 127.0.0.1 /admin.php?s=/Public/logout.html
INFO: [ app_init ] --START--
INFO: Run Behavior\BuildLiteBehavior [ RunTime:0.000000s ]
INFO: Run Common\Behavior\InitHookBehavior [ RunTime:0.002001s ]
INFO: [ app_init ] --END-- [ RunTime:0.003001s ]
INFO: [ app_begin ] --START--
INFO: Run Behavior\ReadHtmlCacheBehavior [ RunTime:0.000000s ]
INFO: [ app_begin ] --END-- [ RunTime:0.000000s ]
SQL: SHOW COLUMNS FROM `dk_member` [ RunTime:0.0020s ]
INFO: [ view_parse ] --START--
INFO: [ template_filter ] --START--
INFO: Run Behavior\ContentReplaceBehavior [ RunTime:0.000000s ]
INFO: [ template_filter ] --END-- [ RunTime:0.000000s ]
INFO: Run Behavior\ParseTemplateBehavior [ RunTime:0.012001s ]
INFO: [ view_parse ] --END-- [ RunTime:0.012001s ]
INFO: [ view_filter ] --START--
INFO: Run Behavior\WriteHtmlCacheBehavior [ RunTime:0.000000s ]
INFO: [ view_filter ] --END-- [ RunTime:0.000000s ]
INFO: [ app_end ] --START--
INFO: Run Behavior\ShowPageTraceBehavior [ RunTime:0.000000s ]
INFO: [ app_end ] --END-- [ RunTime:0.000000s ]

[ 2016-11-24T10:44:18+08:00 ] 127.0.0.1 /admin.php?s=/Public/login.html
INFO: [ app_init ] --START--
INFO: Run Behavior\BuildLiteBehavior [ RunTime:0.000000s ]
INFO: Run Common\Behavior\InitHookBehavior [ RunTime:0.001000s ]
INFO: [ app_init ] --END-- [ RunTime:0.001000s ]
INFO: [ app_begin ] --START--
INFO: Run Behavior\ReadHtmlCacheBehavior [ RunTime:0.000000s ]
INFO: [ app_begin ] --END-- [ RunTime:0.000000s ]
INFO: [ view_parse ] --START--
INFO: [ template_filter ] --START--
INFO: Run Behavior\ContentReplaceBehavior [ RunTime:0.000000s ]
INFO: [ template_filter ] --END-- [ RunTime:0.000000s ]
INFO: Run Behavior\ParseTemplateBehavior [ RunTime:0.004000s ]
INFO: [ view_parse ] --END-- [ RunTime:0.004000s ]
INFO: [ view_filter ] --START--
INFO: Run Behavior\WriteHtmlCacheBehavior [ RunTime:0.000000s ]
INFO: [ view_filter ] --END-- [ RunTime:0.001000s ]
INFO: [ app_end ] --START--
INFO: Run Behavior\ShowPageTraceBehavior [ RunTime:0.000000s ]
INFO: [ app_end ] --END-- [ RunTime:0.000000s ]

[ 2016-11-24T10:44:18+08:00 ] 127.0.0.1 /admin.php?s=/Public/verify.html
INFO: [ app_init ] --START--
INFO: Run Behavior\BuildLiteBehavior [ RunTime:0.000000s ]
INFO: Run Common\Behavior\InitHookBehavior [ RunTime:0.002000s ]
INFO: [ app_init ] --END-- [ RunTime:0.002000s ]
INFO: [ app_begin ] --START--
INFO: Run Behavior\ReadHtmlCacheBehavior [ RunTime:0.001000s ]
INFO: [ app_begin ] --END-- [ RunTime:0.001000s ]
INFO: [ app_end ] --START--
INFO: Run Behavior\ShowPageTraceBehavior [ RunTime:0.001000s ]
INFO: [ app_end ] --END-- [ RunTime:0.001000s ]

